#
# There is insufficient memory for the Java Runtime Environment to continue.
# Native memory allocation (malloc) failed to allocate 138496 bytes for Chunk::new
# Possible reasons:
#   The system is out of physical RAM or swap space
#   The process is running with CompressedOops enabled, and the Java Heap may be blocking the growth of the native heap
# Possible solutions:
#   Reduce memory load on the system
#   Increase physical memory or swap space
#   Check if swap backing store is full
#   Decrease Java heap size (-Xmx/-Xms)
#   Decrease number of Java threads
#   Decrease Java thread stack sizes (-Xss)
#   Set larger code cache with -XX:ReservedCodeCacheSize=
#   JVM is running with Zero Based Compressed Oops mode in which the Java heap is
#     placed in the first 32GB address space. The Java Heap base address is the
#     maximum limit for the native heap growth. Please use -XX:HeapBaseMinAddress
#     to set the Java Heap base and to place the Java Heap above 32GB virtual address.
# This output file may be truncated or incomplete.
#
#  Out of Memory Error (arena.cpp:168), pid=8320, tid=10036
#
# JRE version: Java(TM) SE Runtime Environment (21.0.2+13) (build 21.0.2+13-LTS-58)
# Java VM: Java HotSpot(TM) 64-Bit Server VM (21.0.2+13-LTS-58, mixed mode, sharing, tiered, compressed oops, compressed class ptrs, g1 gc, windows-amd64)
# No core dump will be written. Minidumps are not enabled by default on client versions of Windows
#

---------------  S U M M A R Y ------------

Command Line: -ea -Didea.test.cyclic.buffer.size=1048576 -javaagent:D:\Program\Work\IntelliJ IDEA 2024.1\lib\idea_rt.jar=52332:D:\Program\Work\IntelliJ IDEA 2024.1\bin -Dfile.encoding=UTF-8 -Dsun.stdout.encoding=UTF-8 -Dsun.stderr.encoding=UTF-8 com.intellij.rt.testng.RemoteTestNGStarter -usedefaultlisteners false -socket52331 @w@C:\Users\Admin\AppData\Local\Temp\idea_working_dirs_testng.tmp -temp C:\Users\Admin\AppData\Local\Temp\idea_testng.tmp

Host: Intel(R) Core(TM) i7-6700HQ CPU @ 2.60GHz, 8 cores, 15G,  Windows 10 , 64 bit Build 19041 (10.0.19041.3636)
Time: Tue Apr 23 16:17:22 2024  Windows 10 , 64 bit Build 19041 (10.0.19041.3636) elapsed time: 0.676377 seconds (0d 0h 0m 0s)

---------------  T H R E A D  ---------------

Current thread (0x000001e5cbd69ab0):  JavaThread "C2 CompilerThread1" daemon [_thread_in_native, id=10036, stack(0x00000078cb700000,0x00000078cb800000) (1024K)]


Current CompileTask:
C2:    676  455       4       java.lang.StringLatin1::replace (198 bytes)

Stack: [0x00000078cb700000,0x00000078cb800000]
Native frames: (J=compiled Java code, j=interpreted, Vv=VM code, C=native code)
V  [jvm.dll+0x6cade9]
V  [jvm.dll+0x8569c1]
V  [jvm.dll+0x858d2e]
V  [jvm.dll+0x859413]
V  [jvm.dll+0x280e56]
V  [jvm.dll+0xc3f3d]
V  [jvm.dll+0xc4473]
V  [jvm.dll+0x2f437f]
V  [jvm.dll+0x5f5056]
V  [jvm.dll+0x252d7f]
V  [jvm.dll+0x25315f]
V  [jvm.dll+0x24b8e0]
V  [jvm.dll+0x2490a3]
V  [jvm.dll+0x1c9634]
V  [jvm.dll+0x258859]
V  [jvm.dll+0x256e3a]
V  [jvm.dll+0x3ef6c6]
V  [jvm.dll+0x7ff568]
V  [jvm.dll+0x6c953d]
C  [ucrtbase.dll+0x21bb2]
C  [KERNEL32.DLL+0x17344]
C  [ntdll.dll+0x526b1]


---------------  P R O C E S S  ---------------

Threads class SMR info:
_java_thread_list=0x000001e5cbdc34e0, length=13, elements={
0x000001e5ac9559b0, 0x000001e5cba42ea0, 0x000001e5cba43dc0, 0x000001e5cba45b90,
0x000001e5cba48700, 0x000001e5cba49160, 0x000001e5cba49bc0, 0x000001e5cba4d970,
0x000001e5cba50bc0, 0x000001e5cba0a340, 0x000001e5cbdafd50, 0x000001e5cbdb03c0,
0x000001e5cbd69ab0
}

Java Threads: ( => current thread )
  0x000001e5ac9559b0 JavaThread "main"                              [_thread_in_Java, id=7288, stack(0x00000078ca400000,0x00000078ca500000) (1024K)]
  0x000001e5cba42ea0 JavaThread "Reference Handler"          daemon [_thread_blocked, id=9228, stack(0x00000078cac00000,0x00000078cad00000) (1024K)]
  0x000001e5cba43dc0 JavaThread "Finalizer"                  daemon [_thread_blocked, id=16612, stack(0x00000078cad00000,0x00000078cae00000) (1024K)]
  0x000001e5cba45b90 JavaThread "Signal Dispatcher"          daemon [_thread_blocked, id=6400, stack(0x00000078cae00000,0x00000078caf00000) (1024K)]
  0x000001e5cba48700 JavaThread "Attach Listener"            daemon [_thread_blocked, id=3356, stack(0x00000078caf00000,0x00000078cb000000) (1024K)]
  0x000001e5cba49160 JavaThread "Service Thread"             daemon [_thread_blocked, id=8480, stack(0x00000078cb000000,0x00000078cb100000) (1024K)]
  0x000001e5cba49bc0 JavaThread "Monitor Deflation Thread"   daemon [_thread_blocked, id=13760, stack(0x00000078cb100000,0x00000078cb200000) (1024K)]
  0x000001e5cba4d970 JavaThread "C2 CompilerThread0"         daemon [_thread_in_native, id=7196, stack(0x00000078cb200000,0x00000078cb300000) (1024K)]
  0x000001e5cba50bc0 JavaThread "C1 CompilerThread0"         daemon [_thread_blocked, id=13916, stack(0x00000078cb300000,0x00000078cb400000) (1024K)]
  0x000001e5cba0a340 JavaThread "Common-Cleaner"             daemon [_thread_blocked, id=5864, stack(0x00000078cb400000,0x00000078cb500000) (1024K)]
  0x000001e5cbdafd50 JavaThread "Monitor Ctrl-Break"         daemon [_thread_in_native, id=14860, stack(0x00000078cb500000,0x00000078cb600000) (1024K)]
  0x000001e5cbdb03c0 JavaThread "Notification Thread"        daemon [_thread_blocked, id=7808, stack(0x00000078cb600000,0x00000078cb700000) (1024K)]
=>0x000001e5cbd69ab0 JavaThread "C2 CompilerThread1"         daemon [_thread_in_native, id=10036, stack(0x00000078cb700000,0x00000078cb800000) (1024K)]
Total: 13

Other Threads:
  0x000001e5cba25420 VMThread "VM Thread"                           [id=3536, stack(0x00000078cab00000,0x00000078cac00000) (1024K)]
  0x000001e5cba09630 WatcherThread "VM Periodic Task Thread"        [id=15904, stack(0x00000078caa00000,0x00000078cab00000) (1024K)]
  0x000001e5ac9bbab0 WorkerThread "GC Thread#0"                     [id=14340, stack(0x00000078ca500000,0x00000078ca600000) (1024K)]
  0x000001e5aa89ba50 ConcurrentGCThread "G1 Main Marker"            [id=12392, stack(0x00000078ca600000,0x00000078ca700000) (1024K)]
  0x000001e5aa89c200 WorkerThread "G1 Conc#0"                       [id=15324, stack(0x00000078ca700000,0x00000078ca800000) (1024K)]
  0x000001e5aca1ea70 ConcurrentGCThread "G1 Refine#0"               [id=16200, stack(0x00000078ca800000,0x00000078ca900000) (1024K)]
  0x000001e5cb8de690 ConcurrentGCThread "G1 Service"                [id=9616, stack(0x00000078ca900000,0x00000078caa00000) (1024K)]
Total: 7

Threads with active compile tasks:
C2 CompilerThread0      731  481       4       java.util.zip.ZipFile$Source::getEntryPos (164 bytes)
C1 CompilerThread0      731  492       3       java.util.ArrayList::add (25 bytes)
C2 CompilerThread1      732  455       4       java.lang.StringLatin1::replace (198 bytes)
Total: 3

VM state: not at safepoint (normal execution)

VM Mutex/Monitor currently owned by a thread: None

Heap address: 0x0000000703400000, size: 4044 MB, Compressed Oops mode: Zero based, Oop shift amount: 3

CDS archive(s) mapped at: [0x000001e5cc000000-0x000001e5ccc90000-0x000001e5ccc90000), size 13172736, SharedBaseAddress: 0x000001e5cc000000, ArchiveRelocationMode: 1.
Compressed class space mapped at: 0x000001e5cd000000-0x000001e60d000000, reserved size: 1073741824
Narrow klass base: 0x000001e5cc000000, Narrow klass shift: 0, Narrow klass range: 0x100000000

GC Precious Log:
 CardTable entry size: 512
 Card Set container configuration: InlinePtr #cards 4 size 8 Array Of Cards #cards 16 size 48 Howl #buckets 8 coarsen threshold 3686 Howl Bitmap #cards 512 size 80 coarsen threshold 460 Card regions per heap region 1 cards per card region 4096
 CPUs: 8 total, 8 available
 Memory: 16175M
 Large Page Support: Disabled
 NUMA Support: Disabled
 Compressed Oops: Enabled (Zero based)
 Heap Region Size: 2M
 Heap Min Capacity: 8M
 Heap Initial Capacity: 254M
 Heap Max Capacity: 4044M
 Pre-touch: Disabled
 Parallel Workers: 8
 Concurrent Workers: 2
 Concurrent Refinement Workers: 8
 Periodic GC: Disabled

Heap:
 garbage-first heap   total 260096K, used 6144K [0x0000000703400000, 0x0000000800000000)
  region size 2048K, 4 young (8192K), 0 survivors (0K)
 Metaspace       used 1769K, committed 1920K, reserved 1114112K
  class space    used 161K, committed 256K, reserved 1048576K

Heap Regions: E=young(eden), S=young(survivor), O=old, HS=humongous(starts), HC=humongous(continues), CS=collection set, F=free, TAMS=top-at-mark-start, PB=parsable bottom
|   0|0x0000000703400000, 0x0000000703400000, 0x0000000703600000|  0%| F|  |TAMS 0x0000000703400000| PB 0x0000000703400000| Untracked 
|   1|0x0000000703600000, 0x0000000703600000, 0x0000000703800000|  0%| F|  |TAMS 0x0000000703600000| PB 0x0000000703600000| Untracked 
|   2|0x0000000703800000, 0x0000000703800000, 0x0000000703a00000|  0%| F|  |TAMS 0x0000000703800000| PB 0x0000000703800000| Untracked 
|   3|0x0000000703a00000, 0x0000000703a00000, 0x0000000703c00000|  0%| F|  |TAMS 0x0000000703a00000| PB 0x0000000703a00000| Untracked 
|   4|0x0000000703c00000, 0x0000000703c00000, 0x0000000703e00000|  0%| F|  |TAMS 0x0000000703c00000| PB 0x0000000703c00000| Untracked 
|   5|0x0000000703e00000, 0x0000000703e00000, 0x0000000704000000|  0%| F|  |TAMS 0x0000000703e00000| PB 0x0000000703e00000| Untracked 
|   6|0x0000000704000000, 0x0000000704000000, 0x0000000704200000|  0%| F|  |TAMS 0x0000000704000000| PB 0x0000000704000000| Untracked 
|   7|0x0000000704200000, 0x0000000704200000, 0x0000000704400000|  0%| F|  |TAMS 0x0000000704200000| PB 0x0000000704200000| Untracked 
|   8|0x0000000704400000, 0x0000000704400000, 0x0000000704600000|  0%| F|  |TAMS 0x0000000704400000| PB 0x0000000704400000| Untracked 
|   9|0x0000000704600000, 0x0000000704600000, 0x0000000704800000|  0%| F|  |TAMS 0x0000000704600000| PB 0x0000000704600000| Untracked 
|  10|0x0000000704800000, 0x0000000704800000, 0x0000000704a00000|  0%| F|  |TAMS 0x0000000704800000| PB 0x0000000704800000| Untracked 
|  11|0x0000000704a00000, 0x0000000704a00000, 0x0000000704c00000|  0%| F|  |TAMS 0x0000000704a00000| PB 0x0000000704a00000| Untracked 
|  12|0x0000000704c00000, 0x0000000704c00000, 0x0000000704e00000|  0%| F|  |TAMS 0x0000000704c00000| PB 0x0000000704c00000| Untracked 
|  13|0x0000000704e00000, 0x0000000704e00000, 0x0000000705000000|  0%| F|  |TAMS 0x0000000704e00000| PB 0x0000000704e00000| Untracked 
|  14|0x0000000705000000, 0x0000000705000000, 0x0000000705200000|  0%| F|  |TAMS 0x0000000705000000| PB 0x0000000705000000| Untracked 
|  15|0x0000000705200000, 0x0000000705200000, 0x0000000705400000|  0%| F|  |TAMS 0x0000000705200000| PB 0x0000000705200000| Untracked 
|  16|0x0000000705400000, 0x0000000705400000, 0x0000000705600000|  0%| F|  |TAMS 0x0000000705400000| PB 0x0000000705400000| Untracked 
|  17|0x0000000705600000, 0x0000000705600000, 0x0000000705800000|  0%| F|  |TAMS 0x0000000705600000| PB 0x0000000705600000| Untracked 
|  18|0x0000000705800000, 0x0000000705800000, 0x0000000705a00000|  0%| F|  |TAMS 0x0000000705800000| PB 0x0000000705800000| Untracked 
|  19|0x0000000705a00000, 0x0000000705a00000, 0x0000000705c00000|  0%| F|  |TAMS 0x0000000705a00000| PB 0x0000000705a00000| Untracked 
|  20|0x0000000705c00000, 0x0000000705c00000, 0x0000000705e00000|  0%| F|  |TAMS 0x0000000705c00000| PB 0x0000000705c00000| Untracked 
|  21|0x0000000705e00000, 0x0000000705e00000, 0x0000000706000000|  0%| F|  |TAMS 0x0000000705e00000| PB 0x0000000705e00000| Untracked 
|  22|0x0000000706000000, 0x0000000706000000, 0x0000000706200000|  0%| F|  |TAMS 0x0000000706000000| PB 0x0000000706000000| Untracked 
|  23|0x0000000706200000, 0x0000000706200000, 0x0000000706400000|  0%| F|  |TAMS 0x0000000706200000| PB 0x0000000706200000| Untracked 
|  24|0x0000000706400000, 0x0000000706400000, 0x0000000706600000|  0%| F|  |TAMS 0x0000000706400000| PB 0x0000000706400000| Untracked 
|  25|0x0000000706600000, 0x0000000706600000, 0x0000000706800000|  0%| F|  |TAMS 0x0000000706600000| PB 0x0000000706600000| Untracked 
|  26|0x0000000706800000, 0x0000000706800000, 0x0000000706a00000|  0%| F|  |TAMS 0x0000000706800000| PB 0x0000000706800000| Untracked 
|  27|0x0000000706a00000, 0x0000000706a00000, 0x0000000706c00000|  0%| F|  |TAMS 0x0000000706a00000| PB 0x0000000706a00000| Untracked 
|  28|0x0000000706c00000, 0x0000000706c00000, 0x0000000706e00000|  0%| F|  |TAMS 0x0000000706c00000| PB 0x0000000706c00000| Untracked 
|  29|0x0000000706e00000, 0x0000000706e00000, 0x0000000707000000|  0%| F|  |TAMS 0x0000000706e00000| PB 0x0000000706e00000| Untracked 
|  30|0x0000000707000000, 0x0000000707000000, 0x0000000707200000|  0%| F|  |TAMS 0x0000000707000000| PB 0x0000000707000000| Untracked 
|  31|0x0000000707200000, 0x0000000707200000, 0x0000000707400000|  0%| F|  |TAMS 0x0000000707200000| PB 0x0000000707200000| Untracked 
|  32|0x0000000707400000, 0x0000000707400000, 0x0000000707600000|  0%| F|  |TAMS 0x0000000707400000| PB 0x0000000707400000| Untracked 
|  33|0x0000000707600000, 0x0000000707600000, 0x0000000707800000|  0%| F|  |TAMS 0x0000000707600000| PB 0x0000000707600000| Untracked 
|  34|0x0000000707800000, 0x0000000707800000, 0x0000000707a00000|  0%| F|  |TAMS 0x0000000707800000| PB 0x0000000707800000| Untracked 
|  35|0x0000000707a00000, 0x0000000707a00000, 0x0000000707c00000|  0%| F|  |TAMS 0x0000000707a00000| PB 0x0000000707a00000| Untracked 
|  36|0x0000000707c00000, 0x0000000707c00000, 0x0000000707e00000|  0%| F|  |TAMS 0x0000000707c00000| PB 0x0000000707c00000| Untracked 
|  37|0x0000000707e00000, 0x0000000707e00000, 0x0000000708000000|  0%| F|  |TAMS 0x0000000707e00000| PB 0x0000000707e00000| Untracked 
|  38|0x0000000708000000, 0x0000000708000000, 0x0000000708200000|  0%| F|  |TAMS 0x0000000708000000| PB 0x0000000708000000| Untracked 
|  39|0x0000000708200000, 0x0000000708200000, 0x0000000708400000|  0%| F|  |TAMS 0x0000000708200000| PB 0x0000000708200000| Untracked 
|  40|0x0000000708400000, 0x0000000708400000, 0x0000000708600000|  0%| F|  |TAMS 0x0000000708400000| PB 0x0000000708400000| Untracked 
|  41|0x0000000708600000, 0x0000000708600000, 0x0000000708800000|  0%| F|  |TAMS 0x0000000708600000| PB 0x0000000708600000| Untracked 
|  42|0x0000000708800000, 0x0000000708800000, 0x0000000708a00000|  0%| F|  |TAMS 0x0000000708800000| PB 0x0000000708800000| Untracked 
|  43|0x0000000708a00000, 0x0000000708a00000, 0x0000000708c00000|  0%| F|  |TAMS 0x0000000708a00000| PB 0x0000000708a00000| Untracked 
|  44|0x0000000708c00000, 0x0000000708c00000, 0x0000000708e00000|  0%| F|  |TAMS 0x0000000708c00000| PB 0x0000000708c00000| Untracked 
|  45|0x0000000708e00000, 0x0000000708e00000, 0x0000000709000000|  0%| F|  |TAMS 0x0000000708e00000| PB 0x0000000708e00000| Untracked 
|  46|0x0000000709000000, 0x0000000709000000, 0x0000000709200000|  0%| F|  |TAMS 0x0000000709000000| PB 0x0000000709000000| Untracked 
|  47|0x0000000709200000, 0x0000000709200000, 0x0000000709400000|  0%| F|  |TAMS 0x0000000709200000| PB 0x0000000709200000| Untracked 
|  48|0x0000000709400000, 0x0000000709400000, 0x0000000709600000|  0%| F|  |TAMS 0x0000000709400000| PB 0x0000000709400000| Untracked 
|  49|0x0000000709600000, 0x0000000709600000, 0x0000000709800000|  0%| F|  |TAMS 0x0000000709600000| PB 0x0000000709600000| Untracked 
|  50|0x0000000709800000, 0x0000000709800000, 0x0000000709a00000|  0%| F|  |TAMS 0x0000000709800000| PB 0x0000000709800000| Untracked 
|  51|0x0000000709a00000, 0x0000000709a00000, 0x0000000709c00000|  0%| F|  |TAMS 0x0000000709a00000| PB 0x0000000709a00000| Untracked 
|  52|0x0000000709c00000, 0x0000000709c00000, 0x0000000709e00000|  0%| F|  |TAMS 0x0000000709c00000| PB 0x0000000709c00000| Untracked 
|  53|0x0000000709e00000, 0x0000000709e00000, 0x000000070a000000|  0%| F|  |TAMS 0x0000000709e00000| PB 0x0000000709e00000| Untracked 
|  54|0x000000070a000000, 0x000000070a000000, 0x000000070a200000|  0%| F|  |TAMS 0x000000070a000000| PB 0x000000070a000000| Untracked 
|  55|0x000000070a200000, 0x000000070a200000, 0x000000070a400000|  0%| F|  |TAMS 0x000000070a200000| PB 0x000000070a200000| Untracked 
|  56|0x000000070a400000, 0x000000070a400000, 0x000000070a600000|  0%| F|  |TAMS 0x000000070a400000| PB 0x000000070a400000| Untracked 
|  57|0x000000070a600000, 0x000000070a600000, 0x000000070a800000|  0%| F|  |TAMS 0x000000070a600000| PB 0x000000070a600000| Untracked 
|  58|0x000000070a800000, 0x000000070a800000, 0x000000070aa00000|  0%| F|  |TAMS 0x000000070a800000| PB 0x000000070a800000| Untracked 
|  59|0x000000070aa00000, 0x000000070aa00000, 0x000000070ac00000|  0%| F|  |TAMS 0x000000070aa00000| PB 0x000000070aa00000| Untracked 
|  60|0x000000070ac00000, 0x000000070ac00000, 0x000000070ae00000|  0%| F|  |TAMS 0x000000070ac00000| PB 0x000000070ac00000| Untracked 
|  61|0x000000070ae00000, 0x000000070ae00000, 0x000000070b000000|  0%| F|  |TAMS 0x000000070ae00000| PB 0x000000070ae00000| Untracked 
|  62|0x000000070b000000, 0x000000070b000000, 0x000000070b200000|  0%| F|  |TAMS 0x000000070b000000| PB 0x000000070b000000| Untracked 
|  63|0x000000070b200000, 0x000000070b200000, 0x000000070b400000|  0%| F|  |TAMS 0x000000070b200000| PB 0x000000070b200000| Untracked 
|  64|0x000000070b400000, 0x000000070b400000, 0x000000070b600000|  0%| F|  |TAMS 0x000000070b400000| PB 0x000000070b400000| Untracked 
|  65|0x000000070b600000, 0x000000070b600000, 0x000000070b800000|  0%| F|  |TAMS 0x000000070b600000| PB 0x000000070b600000| Untracked 
|  66|0x000000070b800000, 0x000000070b800000, 0x000000070ba00000|  0%| F|  |TAMS 0x000000070b800000| PB 0x000000070b800000| Untracked 
|  67|0x000000070ba00000, 0x000000070ba00000, 0x000000070bc00000|  0%| F|  |TAMS 0x000000070ba00000| PB 0x000000070ba00000| Untracked 
|  68|0x000000070bc00000, 0x000000070bc00000, 0x000000070be00000|  0%| F|  |TAMS 0x000000070bc00000| PB 0x000000070bc00000| Untracked 
|  69|0x000000070be00000, 0x000000070be00000, 0x000000070c000000|  0%| F|  |TAMS 0x000000070be00000| PB 0x000000070be00000| Untracked 
|  70|0x000000070c000000, 0x000000070c000000, 0x000000070c200000|  0%| F|  |TAMS 0x000000070c000000| PB 0x000000070c000000| Untracked 
|  71|0x000000070c200000, 0x000000070c200000, 0x000000070c400000|  0%| F|  |TAMS 0x000000070c200000| PB 0x000000070c200000| Untracked 
|  72|0x000000070c400000, 0x000000070c400000, 0x000000070c600000|  0%| F|  |TAMS 0x000000070c400000| PB 0x000000070c400000| Untracked 
|  73|0x000000070c600000, 0x000000070c600000, 0x000000070c800000|  0%| F|  |TAMS 0x000000070c600000| PB 0x000000070c600000| Untracked 
|  74|0x000000070c800000, 0x000000070c800000, 0x000000070ca00000|  0%| F|  |TAMS 0x000000070c800000| PB 0x000000070c800000| Untracked 
|  75|0x000000070ca00000, 0x000000070ca00000, 0x000000070cc00000|  0%| F|  |TAMS 0x000000070ca00000| PB 0x000000070ca00000| Untracked 
|  76|0x000000070cc00000, 0x000000070cc00000, 0x000000070ce00000|  0%| F|  |TAMS 0x000000070cc00000| PB 0x000000070cc00000| Untracked 
|  77|0x000000070ce00000, 0x000000070ce00000, 0x000000070d000000|  0%| F|  |TAMS 0x000000070ce00000| PB 0x000000070ce00000| Untracked 
|  78|0x000000070d000000, 0x000000070d000000, 0x000000070d200000|  0%| F|  |TAMS 0x000000070d000000| PB 0x000000070d000000| Untracked 
|  79|0x000000070d200000, 0x000000070d200000, 0x000000070d400000|  0%| F|  |TAMS 0x000000070d200000| PB 0x000000070d200000| Untracked 
|  80|0x000000070d400000, 0x000000070d400000, 0x000000070d600000|  0%| F|  |TAMS 0x000000070d400000| PB 0x000000070d400000| Untracked 
|  81|0x000000070d600000, 0x000000070d600000, 0x000000070d800000|  0%| F|  |TAMS 0x000000070d600000| PB 0x000000070d600000| Untracked 
|  82|0x000000070d800000, 0x000000070d800000, 0x000000070da00000|  0%| F|  |TAMS 0x000000070d800000| PB 0x000000070d800000| Untracked 
|  83|0x000000070da00000, 0x000000070da00000, 0x000000070dc00000|  0%| F|  |TAMS 0x000000070da00000| PB 0x000000070da00000| Untracked 
|  84|0x000000070dc00000, 0x000000070dc00000, 0x000000070de00000|  0%| F|  |TAMS 0x000000070dc00000| PB 0x000000070dc00000| Untracked 
|  85|0x000000070de00000, 0x000000070de00000, 0x000000070e000000|  0%| F|  |TAMS 0x000000070de00000| PB 0x000000070de00000| Untracked 
|  86|0x000000070e000000, 0x000000070e000000, 0x000000070e200000|  0%| F|  |TAMS 0x000000070e000000| PB 0x000000070e000000| Untracked 
|  87|0x000000070e200000, 0x000000070e200000, 0x000000070e400000|  0%| F|  |TAMS 0x000000070e200000| PB 0x000000070e200000| Untracked 
|  88|0x000000070e400000, 0x000000070e400000, 0x000000070e600000|  0%| F|  |TAMS 0x000000070e400000| PB 0x000000070e400000| Untracked 
|  89|0x000000070e600000, 0x000000070e600000, 0x000000070e800000|  0%| F|  |TAMS 0x000000070e600000| PB 0x000000070e600000| Untracked 
|  90|0x000000070e800000, 0x000000070e800000, 0x000000070ea00000|  0%| F|  |TAMS 0x000000070e800000| PB 0x000000070e800000| Untracked 
|  91|0x000000070ea00000, 0x000000070ea00000, 0x000000070ec00000|  0%| F|  |TAMS 0x000000070ea00000| PB 0x000000070ea00000| Untracked 
|  92|0x000000070ec00000, 0x000000070ec00000, 0x000000070ee00000|  0%| F|  |TAMS 0x000000070ec00000| PB 0x000000070ec00000| Untracked 
|  93|0x000000070ee00000, 0x000000070ee00000, 0x000000070f000000|  0%| F|  |TAMS 0x000000070ee00000| PB 0x000000070ee00000| Untracked 
|  94|0x000000070f000000, 0x000000070f000000, 0x000000070f200000|  0%| F|  |TAMS 0x000000070f000000| PB 0x000000070f000000| Untracked 
|  95|0x000000070f200000, 0x000000070f200000, 0x000000070f400000|  0%| F|  |TAMS 0x000000070f200000| PB 0x000000070f200000| Untracked 
|  96|0x000000070f400000, 0x000000070f400000, 0x000000070f600000|  0%| F|  |TAMS 0x000000070f400000| PB 0x000000070f400000| Untracked 
|  97|0x000000070f600000, 0x000000070f600000, 0x000000070f800000|  0%| F|  |TAMS 0x000000070f600000| PB 0x000000070f600000| Untracked 
|  98|0x000000070f800000, 0x000000070f800000, 0x000000070fa00000|  0%| F|  |TAMS 0x000000070f800000| PB 0x000000070f800000| Untracked 
|  99|0x000000070fa00000, 0x000000070fa00000, 0x000000070fc00000|  0%| F|  |TAMS 0x000000070fa00000| PB 0x000000070fa00000| Untracked 
| 100|0x000000070fc00000, 0x000000070fc00000, 0x000000070fe00000|  0%| F|  |TAMS 0x000000070fc00000| PB 0x000000070fc00000| Untracked 
| 101|0x000000070fe00000, 0x000000070fe00000, 0x0000000710000000|  0%| F|  |TAMS 0x000000070fe00000| PB 0x000000070fe00000| Untracked 
| 102|0x0000000710000000, 0x0000000710000000, 0x0000000710200000|  0%| F|  |TAMS 0x0000000710000000| PB 0x0000000710000000| Untracked 
| 103|0x0000000710200000, 0x0000000710200000, 0x0000000710400000|  0%| F|  |TAMS 0x0000000710200000| PB 0x0000000710200000| Untracked 
| 104|0x0000000710400000, 0x0000000710400000, 0x0000000710600000|  0%| F|  |TAMS 0x0000000710400000| PB 0x0000000710400000| Untracked 
| 105|0x0000000710600000, 0x0000000710600000, 0x0000000710800000|  0%| F|  |TAMS 0x0000000710600000| PB 0x0000000710600000| Untracked 
| 106|0x0000000710800000, 0x0000000710800000, 0x0000000710a00000|  0%| F|  |TAMS 0x0000000710800000| PB 0x0000000710800000| Untracked 
| 107|0x0000000710a00000, 0x0000000710a00000, 0x0000000710c00000|  0%| F|  |TAMS 0x0000000710a00000| PB 0x0000000710a00000| Untracked 
| 108|0x0000000710c00000, 0x0000000710c00000, 0x0000000710e00000|  0%| F|  |TAMS 0x0000000710c00000| PB 0x0000000710c00000| Untracked 
| 109|0x0000000710e00000, 0x0000000710e00000, 0x0000000711000000|  0%| F|  |TAMS 0x0000000710e00000| PB 0x0000000710e00000| Untracked 
| 110|0x0000000711000000, 0x0000000711000000, 0x0000000711200000|  0%| F|  |TAMS 0x0000000711000000| PB 0x0000000711000000| Untracked 
| 111|0x0000000711200000, 0x0000000711200000, 0x0000000711400000|  0%| F|  |TAMS 0x0000000711200000| PB 0x0000000711200000| Untracked 
| 112|0x0000000711400000, 0x0000000711400000, 0x0000000711600000|  0%| F|  |TAMS 0x0000000711400000| PB 0x0000000711400000| Untracked 
| 113|0x0000000711600000, 0x0000000711600000, 0x0000000711800000|  0%| F|  |TAMS 0x0000000711600000| PB 0x0000000711600000| Untracked 
| 114|0x0000000711800000, 0x0000000711800000, 0x0000000711a00000|  0%| F|  |TAMS 0x0000000711800000| PB 0x0000000711800000| Untracked 
| 115|0x0000000711a00000, 0x0000000711a00000, 0x0000000711c00000|  0%| F|  |TAMS 0x0000000711a00000| PB 0x0000000711a00000| Untracked 
| 116|0x0000000711c00000, 0x0000000711c00000, 0x0000000711e00000|  0%| F|  |TAMS 0x0000000711c00000| PB 0x0000000711c00000| Untracked 
| 117|0x0000000711e00000, 0x0000000711e00000, 0x0000000712000000|  0%| F|  |TAMS 0x0000000711e00000| PB 0x0000000711e00000| Untracked 
| 118|0x0000000712000000, 0x0000000712000000, 0x0000000712200000|  0%| F|  |TAMS 0x0000000712000000| PB 0x0000000712000000| Untracked 
| 119|0x0000000712200000, 0x0000000712200000, 0x0000000712400000|  0%| F|  |TAMS 0x0000000712200000| PB 0x0000000712200000| Untracked 
| 120|0x0000000712400000, 0x0000000712400000, 0x0000000712600000|  0%| F|  |TAMS 0x0000000712400000| PB 0x0000000712400000| Untracked 
| 121|0x0000000712600000, 0x0000000712600000, 0x0000000712800000|  0%| F|  |TAMS 0x0000000712600000| PB 0x0000000712600000| Untracked 
| 122|0x0000000712800000, 0x0000000712800000, 0x0000000712a00000|  0%| F|  |TAMS 0x0000000712800000| PB 0x0000000712800000| Untracked 
| 123|0x0000000712a00000, 0x0000000712b65468, 0x0000000712c00000| 69%| E|  |TAMS 0x0000000712a00000| PB 0x0000000712a00000| Complete 
| 124|0x0000000712c00000, 0x0000000712e00000, 0x0000000712e00000|100%| E|CS|TAMS 0x0000000712c00000| PB 0x0000000712c00000| Complete 
| 125|0x0000000712e00000, 0x0000000713000000, 0x0000000713000000|100%| E|CS|TAMS 0x0000000712e00000| PB 0x0000000712e00000| Complete 
| 126|0x0000000713000000, 0x0000000713200000, 0x0000000713200000|100%| E|CS|TAMS 0x0000000713000000| PB 0x0000000713000000| Complete 

Card table byte_map: [0x000001e5c48e0000,0x000001e5c50d0000] _byte_map_base: 0x000001e5c10c6000

Marking Bits: (CMBitMap*) 0x000001e5aa89b1a0
 Bits: [0x000001e5c50d0000, 0x000001e5c9000000)

Polling page: 0x000001e5ac120000

Metaspace:

Usage:
  Non-class:      1.66 MB used.
      Class:    166.10 KB used.
       Both:      1.82 MB used.

Virtual space:
  Non-class space:       64.00 MB reserved,       1.75 MB (  3%) committed,  1 nodes.
      Class space:        1.00 GB reserved,     256.00 KB ( <1%) committed,  1 nodes.
             Both:        1.06 GB reserved,       2.00 MB ( <1%) committed. 

Chunk freelists:
   Non-Class:  11.41 MB
       Class:  15.64 MB
        Both:  27.05 MB

MaxMetaspaceSize: unlimited
CompressedClassSpaceSize: 1.00 GB
Initial GC threshold: 21.00 MB
Current GC threshold: 21.00 MB
CDS: on
 - commit_granule_bytes: 65536.
 - commit_granule_words: 8192.
 - virtual_space_node_default_size: 8388608.
 - enlarge_chunks_in_place: 1.
 - use_allocation_guard: 0.


Internal statistics:

num_allocs_failed_limit: 0.
num_arena_births: 28.
num_arena_deaths: 0.
num_vsnodes_births: 2.
num_vsnodes_deaths: 0.
num_space_committed: 32.
num_space_uncommitted: 0.
num_chunks_returned_to_freelist: 0.
num_chunks_taken_from_freelist: 63.
num_chunk_merges: 0.
num_chunk_splits: 41.
num_chunks_enlarged: 31.
num_inconsistent_stats: 0.

CodeHeap 'non-profiled nmethods': size=120000Kb used=165Kb max_used=165Kb free=119834Kb
 bounds [0x000001e5bc890000, 0x000001e5bcb00000, 0x000001e5c3dc0000]
CodeHeap 'profiled nmethods': size=120000Kb used=730Kb max_used=730Kb free=119269Kb
 bounds [0x000001e5b4dc0000, 0x000001e5b5030000, 0x000001e5bc2f0000]
CodeHeap 'non-nmethods': size=5760Kb used=1315Kb max_used=1334Kb free=4444Kb
 bounds [0x000001e5bc2f0000, 0x000001e5bc560000, 0x000001e5bc890000]
 total_blobs=919 nmethods=492 adapters=332
 compilation: enabled
              stopped_count=0, restarted_count=0
 full_count=0

Compilation events (20 events):
Event: 0.660 Thread 0x000001e5cba50bc0  447       1       java.net.URLStreamHandler::getDefaultPort (2 bytes)
Event: 0.660 Thread 0x000001e5cba50bc0 nmethod 447 0x000001e5bc8b4110 code [0x000001e5bc8b42a0, 0x000001e5bc8b4368]
Event: 0.661 Thread 0x000001e5cba50bc0  448   !   3       java.util.zip.ZipFile$ZipFileInputStream::close (59 bytes)
Event: 0.661 Thread 0x000001e5cba50bc0 nmethod 448 0x000001e5b4e59a10 code [0x000001e5b4e59be0, 0x000001e5b4e59f80]
Event: 0.662 Thread 0x000001e5cba50bc0  449       3       java.util.jar.JarFile::maybeInstantiateVerifier (42 bytes)
Event: 0.662 Thread 0x000001e5cba50bc0 nmethod 449 0x000001e5b4e5a190 code [0x000001e5b4e5a380, 0x000001e5b4e5a6f0]
Event: 0.662 Thread 0x000001e5cba50bc0  451   !   3       java.net.URL::<init> (543 bytes)
Event: 0.663 Thread 0x000001e5cbd69ab0 nmethod 442 0x000001e5bc8b4410 code [0x000001e5bc8b45a0, 0x000001e5bc8b47a0]
Event: 0.667 Thread 0x000001e5cba50bc0 nmethod 451 0x000001e5b4e5a810 code [0x000001e5b4e5ae20, 0x000001e5b4e5e138]
Event: 0.667 Thread 0x000001e5cba50bc0  450       3       java.net.URL::<init> (8 bytes)
Event: 0.667 Thread 0x000001e5cba50bc0 nmethod 450 0x000001e5b4e5fe10 code [0x000001e5b4e5ffc0, 0x000001e5b4e60108]
Event: 0.667 Thread 0x000001e5cba50bc0  452   !   3       jdk.internal.loader.BuiltinClassLoader::loadClassOrNull (143 bytes)
Event: 0.668 Thread 0x000001e5cbd69ab0  455       4       java.lang.StringLatin1::replace (198 bytes)
Event: 0.669 Thread 0x000001e5cba50bc0 nmethod 452 0x000001e5b4e60190 code [0x000001e5b4e60460, 0x000001e5b4e613e8]
Event: 0.669 Thread 0x000001e5cba50bc0  453       1       java.util.zip.ZipEntry::getSize (5 bytes)
Event: 0.669 Thread 0x000001e5cba50bc0 nmethod 453 0x000001e5bc8b4910 code [0x000001e5bc8b4aa0, 0x000001e5bc8b4b68]
Event: 0.669 Thread 0x000001e5cba50bc0  454       1       java.util.zip.Inflater::hasPendingOutput (5 bytes)
Event: 0.669 Thread 0x000001e5cba50bc0 nmethod 454 0x000001e5bc8b4c10 code [0x000001e5bc8b4da0, 0x000001e5bc8b4e70]
Event: 0.670 Thread 0x000001e5cba50bc0  456       3       java.lang.String::<init> (74 bytes)
Event: 0.671 Thread 0x000001e5cba50bc0 nmethod 456 0x000001e5b4e61a10 code [0x000001e5b4e61c00, 0x000001e5b4e62018]

GC Heap History (0 events):
No events

Dll operation events (10 events):
Event: 0.022 Loaded shared library D:\Program\Work\JDK\bin\java.dll
Event: 0.083 Loaded shared library D:\Program\Work\JDK\bin\jsvml.dll
Event: 0.217 Loaded shared library D:\Program\Work\JDK\bin\zip.dll
Event: 0.225 Loaded shared library D:\Program\Work\JDK\bin\instrument.dll
Event: 0.235 Loaded shared library D:\Program\Work\JDK\bin\net.dll
Event: 0.237 Loaded shared library D:\Program\Work\JDK\bin\nio.dll
Event: 0.246 Loaded shared library D:\Program\Work\JDK\bin\zip.dll
Event: 0.268 Loaded shared library D:\Program\Work\IntelliJ IDEA 2024.1\bin\breakgen64.dll
Event: 0.291 Loaded shared library D:\Program\Work\JDK\bin\extnet.dll
Event: 0.592 Loaded shared library D:\Program\Work\JDK\bin\jimage.dll

Deoptimization events (10 events):
Event: 0.218 Thread 0x000001e5ac9559b0 Uncommon trap: trap_request=0xffffff45 fr.pc=0x000001e5bc894d6c relative=0x00000000000000cc
Event: 0.218 Thread 0x000001e5ac9559b0 Uncommon trap: reason=unstable_if action=reinterpret pc=0x000001e5bc894d6c method=java.lang.String.isLatin1()Z @ 10 c2
Event: 0.218 Thread 0x000001e5ac9559b0 DEOPT PACKING pc=0x000001e5bc894d6c sp=0x00000078ca4fec00
Event: 0.218 Thread 0x000001e5ac9559b0 DEOPT UNPACKING pc=0x000001e5bc3446a2 sp=0x00000078ca4feb40 mode 2
Event: 0.475 Thread 0x000001e5ac9559b0 DEOPT PACKING pc=0x000001e5b4df2855 sp=0x00000078ca4fc550
Event: 0.475 Thread 0x000001e5ac9559b0 DEOPT UNPACKING pc=0x000001e5bc344e42 sp=0x00000078ca4fb9c0 mode 0
Event: 0.514 Thread 0x000001e5ac9559b0 DEOPT PACKING pc=0x000001e5b4dcdef8 sp=0x00000078ca4fc4b0
Event: 0.514 Thread 0x000001e5ac9559b0 DEOPT UNPACKING pc=0x000001e5bc344e42 sp=0x00000078ca4fb8d0 mode 0
Event: 0.555 Thread 0x000001e5ac9559b0 DEOPT PACKING pc=0x000001e5b4dc9bd8 sp=0x00000078ca4fad40
Event: 0.555 Thread 0x000001e5ac9559b0 DEOPT UNPACKING pc=0x000001e5bc344e42 sp=0x00000078ca4fa1a8 mode 0

Classes loaded (20 events):
Event: 0.573 Loading class java/lang/UnsupportedOperationException
Event: 0.573 Loading class java/lang/UnsupportedOperationException done
Event: 0.578 Loading class java/util/concurrent/LinkedBlockingQueue
Event: 0.578 Loading class java/util/AbstractQueue
Event: 0.578 Loading class java/util/AbstractQueue done
Event: 0.578 Loading class java/util/concurrent/LinkedBlockingQueue done
Event: 0.578 Loading class java/util/concurrent/LinkedBlockingQueue$Node
Event: 0.578 Loading class java/util/concurrent/LinkedBlockingQueue$Node done
Event: 0.581 Loading class java/lang/InheritableThreadLocal
Event: 0.581 Loading class java/lang/InheritableThreadLocal done
Event: 0.588 Loading class java/lang/SecurityException
Event: 0.588 Loading class java/lang/SecurityException done
Event: 0.617 Loading class java/util/BitSet
Event: 0.617 Loading class java/util/BitSet done
Event: 0.634 Loading class java/util/concurrent/ThreadPoolExecutor
Event: 0.634 Loading class java/util/concurrent/ThreadPoolExecutor done
Event: 0.649 Loading class java/io/StringReader
Event: 0.649 Loading class java/io/StringReader done
Event: 0.649 Loading class java/io/StringWriter
Event: 0.649 Loading class java/io/StringWriter done

Classes unloaded (0 events):
No events

Classes redefined (0 events):
No events

Internal exceptions (4 events):
Event: 0.248 Thread 0x000001e5ac9559b0 Exception <a 'java/lang/NoSuchMethodError'{0x0000000712f0ddc8}: 'void java.lang.invoke.DirectMethodHandle$Holder.invokeStatic(java.lang.Object, java.lang.Object, java.lang.Object)'> (0x0000000712f0ddc8) 
thrown [s\open\src\hotspot\share\interpreter\linkResolver.cpp, line 773]
Event: 0.261 Thread 0x000001e5ac9559b0 Exception <a 'java/lang/NoSuchMethodError'{0x0000000712f252d0}: 'java.lang.Object java.lang.invoke.Invokers$Holder.invokeExact_MT(java.lang.Object, java.lang.Object, java.lang.Object, java.lang.Object, java.lang.Object)'> (0x0000000712f252d0) 
thrown [s\open\src\hotspot\share\interpreter\linkResolver.cpp, line 773]
Event: 0.293 Thread 0x000001e5cbdafd50 Exception <a 'java/lang/NoSuchMethodError'{0x0000000712f59670}: 'void java.lang.invoke.DirectMethodHandle$Holder.invokeStatic(java.lang.Object, java.lang.Object)'> (0x0000000712f59670) 
thrown [s\open\src\hotspot\share\interpreter\linkResolver.cpp, line 773]
Event: 0.646 Thread 0x000001e5ac9559b0 Exception <a 'java/lang/NoSuchMethodError'{0x0000000712a62090}: 'int java.lang.invoke.DirectMethodHandle$Holder.invokeStaticInit(java.lang.Object, java.lang.Object)'> (0x0000000712a62090) 
thrown [s\open\src\hotspot\share\interpreter\linkResolver.cpp, line 773]

ZGC Phase Switch (0 events):
No events

VM Operations (2 events):
Event: 0.175 Executing VM operation: HandshakeAllThreads (Deoptimize)
Event: 0.175 Executing VM operation: HandshakeAllThreads (Deoptimize) done

Events (13 events):
Event: 0.043 Thread 0x000001e5ac9559b0 Thread added: 0x000001e5ac9559b0
Event: 0.069 Thread 0x000001e5cba42ea0 Thread added: 0x000001e5cba42ea0
Event: 0.069 Thread 0x000001e5cba43dc0 Thread added: 0x000001e5cba43dc0
Event: 0.069 Thread 0x000001e5cba45b90 Thread added: 0x000001e5cba45b90
Event: 0.069 Thread 0x000001e5cba48700 Thread added: 0x000001e5cba48700
Event: 0.070 Thread 0x000001e5cba49160 Thread added: 0x000001e5cba49160
Event: 0.070 Thread 0x000001e5cba49bc0 Thread added: 0x000001e5cba49bc0
Event: 0.070 Thread 0x000001e5cba4d970 Thread added: 0x000001e5cba4d970
Event: 0.074 Thread 0x000001e5cba50bc0 Thread added: 0x000001e5cba50bc0
Event: 0.163 Thread 0x000001e5cba0a340 Thread added: 0x000001e5cba0a340
Event: 0.269 Thread 0x000001e5cbdafd50 Thread added: 0x000001e5cbdafd50
Event: 0.269 Thread 0x000001e5cbdb03c0 Thread added: 0x000001e5cbdb03c0
Event: 0.500 Thread 0x000001e5cbd69ab0 Thread added: 0x000001e5cbd69ab0


Dynamic libraries:
0x00007ff7876e0000 - 0x00007ff7876f0000 	D:\Program\Work\JDK\bin\java.exe
0x00007ff88e5b0000 - 0x00007ff88e7a8000 	C:\WINDOWS\SYSTEM32\ntdll.dll
0x00007ff88d530000 - 0x00007ff88d5ed000 	C:\WINDOWS\System32\KERNEL32.DLL
0x00007ff88c1a0000 - 0x00007ff88c496000 	C:\WINDOWS\System32\KERNELBASE.dll
0x00007ff88bcf0000 - 0x00007ff88bdf0000 	C:\WINDOWS\System32\ucrtbase.dll
0x00007ff874a60000 - 0x00007ff874a7b000 	D:\Program\Work\JDK\bin\VCRUNTIME140.dll
0x00007ff885720000 - 0x00007ff885739000 	D:\Program\Work\JDK\bin\jli.dll
0x00007ff88e390000 - 0x00007ff88e440000 	C:\WINDOWS\System32\ADVAPI32.dll
0x00007ff88e0e0000 - 0x00007ff88e17e000 	C:\WINDOWS\System32\msvcrt.dll
0x00007ff88c640000 - 0x00007ff88c6e0000 	C:\WINDOWS\System32\sechost.dll
0x00007ff88dbf0000 - 0x00007ff88dd13000 	C:\WINDOWS\System32\RPCRT4.dll
0x00007ff88c510000 - 0x00007ff88c537000 	C:\WINDOWS\System32\bcrypt.dll
0x00007ff88ded0000 - 0x00007ff88e06f000 	C:\WINDOWS\System32\USER32.dll
0x00007ff88bea0000 - 0x00007ff88bec2000 	C:\WINDOWS\System32\win32u.dll
0x00007ff88d440000 - 0x00007ff88d46b000 	C:\WINDOWS\System32\GDI32.dll
0x00007ff88bed0000 - 0x00007ff88bfe7000 	C:\WINDOWS\System32\gdi32full.dll
0x00007ff88c540000 - 0x00007ff88c5dd000 	C:\WINDOWS\System32\msvcp_win.dll
0x00007ff87a440000 - 0x00007ff87a6da000 	C:\WINDOWS\WinSxS\amd64_microsoft.windows.common-controls_6595b64144ccf1df_6.0.19041.3636_none_60b6a03d71f818d5\COMCTL32.dll
0x00007ff884fa0000 - 0x00007ff884faa000 	C:\WINDOWS\SYSTEM32\VERSION.dll
0x00007ff88c600000 - 0x00007ff88c632000 	C:\WINDOWS\System32\IMM32.DLL
0x00007ff87a290000 - 0x00007ff87a29c000 	D:\Program\Work\JDK\bin\vcruntime140_1.dll
0x00007ff8520f0000 - 0x00007ff85217e000 	D:\Program\Work\JDK\bin\msvcp140.dll
0x00007ff80c9f0000 - 0x00007ff80d707000 	D:\Program\Work\JDK\bin\server\jvm.dll
0x00007ff88db80000 - 0x00007ff88dbeb000 	C:\WINDOWS\System32\WS2_32.dll
0x00007ff88b1f0000 - 0x00007ff88b23b000 	C:\WINDOWS\SYSTEM32\POWRPROF.dll
0x00007ff87e5e0000 - 0x00007ff87e607000 	C:\WINDOWS\SYSTEM32\WINMM.dll
0x00007ff88b060000 - 0x00007ff88b072000 	C:\WINDOWS\SYSTEM32\UMPDC.dll
0x00007ff88a4d0000 - 0x00007ff88a4e2000 	C:\WINDOWS\SYSTEM32\kernel.appcore.dll
0x00007ff875380000 - 0x00007ff87538a000 	D:\Program\Work\JDK\bin\jimage.dll
0x00007ff878190000 - 0x00007ff878374000 	C:\WINDOWS\SYSTEM32\DBGHELP.DLL
0x00007ff8673d0000 - 0x00007ff867404000 	C:\WINDOWS\SYSTEM32\dbgcore.DLL
0x00007ff88bc60000 - 0x00007ff88bce2000 	C:\WINDOWS\System32\bcryptPrimitives.dll
0x00007ff875340000 - 0x00007ff87534f000 	D:\Program\Work\JDK\bin\instrument.dll
0x00007ff862cb0000 - 0x00007ff862ccf000 	D:\Program\Work\JDK\bin\java.dll
0x00007ff88ccd0000 - 0x00007ff88d43b000 	C:\WINDOWS\System32\SHELL32.dll
0x00007ff889b60000 - 0x00007ff88a2fe000 	C:\WINDOWS\SYSTEM32\windows.storage.dll
0x00007ff88d730000 - 0x00007ff88da83000 	C:\WINDOWS\System32\combase.dll
0x00007ff88b690000 - 0x00007ff88b6be000 	C:\WINDOWS\SYSTEM32\Wldp.dll
0x00007ff88cb50000 - 0x00007ff88cc1d000 	C:\WINDOWS\System32\OLEAUT32.dll
0x00007ff88cc20000 - 0x00007ff88cccd000 	C:\WINDOWS\System32\SHCORE.dll
0x00007ff88da90000 - 0x00007ff88dae5000 	C:\WINDOWS\System32\shlwapi.dll
0x00007ff88bb90000 - 0x00007ff88bbb3000 	C:\WINDOWS\SYSTEM32\profapi.dll
0x00007ff850f50000 - 0x00007ff851027000 	D:\Program\Work\JDK\bin\jsvml.dll
0x00007ff85e6e0000 - 0x00007ff85e6f8000 	D:\Program\Work\JDK\bin\zip.dll
0x00007ff86b220000 - 0x00007ff86b230000 	D:\Program\Work\JDK\bin\net.dll
0x00007ff883040000 - 0x00007ff88314a000 	C:\WINDOWS\SYSTEM32\WINHTTP.dll
0x00007ff88b3f0000 - 0x00007ff88b45a000 	C:\WINDOWS\system32\mswsock.dll
0x00007ff860140000 - 0x00007ff860156000 	D:\Program\Work\JDK\bin\nio.dll
0x00007ff85e550000 - 0x00007ff85e56a000 	D:\Program\Work\IntelliJ IDEA 2024.1\bin\breakgen64.dll
0x00007ff8685d0000 - 0x00007ff8685d9000 	D:\Program\Work\JDK\bin\extnet.dll

dbghelp: loaded successfully - version: 4.0.5 - missing functions: none
symbol engine: initialized successfully - sym options: 0x614 - pdb path: .;D:\Program\Work\JDK\bin;C:\WINDOWS\SYSTEM32;C:\WINDOWS\WinSxS\amd64_microsoft.windows.common-controls_6595b64144ccf1df_6.0.19041.3636_none_60b6a03d71f818d5;D:\Program\Work\JDK\bin\server;D:\Program\Work\IntelliJ IDEA 2024.1\bin

VM Arguments:
jvm_args: -ea -Didea.test.cyclic.buffer.size=1048576 -javaagent:D:\Program\Work\IntelliJ IDEA 2024.1\lib\idea_rt.jar=52332:D:\Program\Work\IntelliJ IDEA 2024.1\bin -Dfile.encoding=UTF-8 -Dsun.stdout.encoding=UTF-8 -Dsun.stderr.encoding=UTF-8 
java_command: com.intellij.rt.testng.RemoteTestNGStarter -usedefaultlisteners false -socket52331 @w@C:\Users\Admin\AppData\Local\Temp\idea_working_dirs_testng.tmp -temp C:\Users\Admin\AppData\Local\Temp\idea_testng.tmp
java_class_path (initial): D:\Program\Work\IntelliJ IDEA 2024.1\lib\idea_rt.jar;D:\Program\Work\IntelliJ IDEA 2024.1\plugins\testng\lib\testng-rt.jar;C:\Users\Admin\IdeaProjects\Appium_Java\target\test-classes;C:\Users\Admin\IdeaProjects\Appium_Java\target\classes;C:\Users\Admin\.m2\repository\io\appium\java-client\9.2.2\java-client-9.2.2.jar;C:\Users\Admin\.m2\repository\org\seleniumhq\selenium\selenium-api\4.19.1\selenium-api-4.19.1.jar;C:\Users\Admin\.m2\repository\org\seleniumhq\selenium\selenium-remote-driver\4.19.1\selenium-remote-driver-4.19.1.jar;C:\Users\Admin\.m2\repository\com\google\auto\service\auto-service-annotations\1.1.1\auto-service-annotations-1.1.1.jar;C:\Users\Admin\.m2\repository\com\google\guava\guava\33.1.0-jre\guava-33.1.0-jre.jar;C:\Users\Admin\.m2\repository\com\google\guava\failureaccess\1.0.2\failureaccess-1.0.2.jar;C:\Users\Admin\.m2\repository\com\google\guava\listenablefuture\9999.0-empty-to-avoid-conflict-with-guava\listenablefuture-9999.0-empty-to-avoid-conflict-with-guava.jar;C:\Users\Admin\.m2\repository\com\google\code\findbugs\jsr305\3.0.2\jsr305-3.0.2.jar;C:\Users\Admin\.m2\repository\org\checkerframework\checker-qual\3.42.0\checker-qual-3.42.0.jar;C:\Users\Admin\.m2\repository\com\google\errorprone\error_prone_annotations\2.26.1\error_prone_annotations-2.26.1.jar;C:\Users\Admin\.m2\repository\com\google\j2objc\j2objc-annotations\3.0.0\j2objc-annotations-3.0.0.jar;C:\Users\Admin\.m2\repository\io\opentelemetry\semconv\opentelemetry-semconv\1.23.1-alpha\opentelemetry-semconv-1.23.1-alpha.jar;C:\Users\Admin\.m2\repository\io\opentelemetry\opentelemetry-api\1.36.0\opentelemetry-api-1.36.0.jar;C:\Users\Admin\.m2\repository\io\opentelemetry\opentelemetry-context\1.36.0\opentelemetry-context-1.36.0.jar;C:\Users\Admin\.m2\repository\io\opentelemetry\opentelemetry-exporter-logging\1.36.0\opentelemetry-exporter-logging-1.36.0.jar;C:\Users\Admin\.m2\repository\io\opentelemetry\opentelemetry-sdk-common\1.36.0\opentelemetry-sdk-common-1.36.0.jar;C:\Users\Admin\.m2\repository\io\opentelemetry\opentelemetry-sdk-extension-autoconfigure-spi\1.36.0\opentelemetry-sdk-extension-autoconfigure-spi-1.36.0.jar;C:\Users\Admin\.m2\repository\io\opentelemetry\opentelemetry-sdk-extension-autoconfigure\1.36.0\opentelemetry-sdk-extension-autoconfigure-1.36.0.jar;C:\Users\Admin\.m2\repository\io\opentelemetry\opentelemetry-api-events\1.36.0-alpha\opentelemetry-api-events-1.36.0-alpha.jar;C:\Users\Admin\.m2\repository\io\opentelemetry\opentelemetry-sdk-trace\1.36.0\opentelemetry-sdk-trace-1.36.0.jar;C:\Users\Admin\.m2\repository\io\opentelemetry\opentelemetry-extension-incubator\1.36.0-alpha\opentelemetry-extension-incubator-1.36.0-alpha.jar;C:\Users\Admin\.m2\repository\io\opentelemetry\opentelemetry-sdk\1.36.0\opentelemetry-sdk-1.36.0.jar;C:\Users\Admin\.m2\repository\io\opentelemetry\opentelemetry-sdk-metrics\1.36.0\opentelemetry-sdk-metrics-1.36.0.jar;C:\Users\Admin\.m2\repository\io\opentelemetry\opentelemetry-sdk-logs\1.36.0\opentelemetry-sdk-logs-1.36.0.jar;C:\Users\Admin\.m2\repository\net\bytebuddy\byte-buddy\1.14.12\byte-buddy-1.14.12.jar;C:\Users\Admin\.m2\repository\org\seleniumhq\selenium\selenium-http\4.19.1\selenium-http-4.19.1.jar;C:\Users\Admin\.m2\repository\dev\failsafe\failsafe\3.3.2\failsafe-3.3.2.jar;C:\Users\Admin\.m2\repository\org\seleniumhq\selenium\selenium-json\4.19.1\selenium-json-4.19.1.jar;C:\Users\Admin\.m2\repository\org\seleniumhq\selenium\selenium-manager\4.19.1\selenium-manager-4.19.1.jar;C:\Users\Admin\.m2\repository\org\seleniumhq\selenium\selenium-os\4.19.1\selenium-os-4.19.1.jar;C:\Users\Admin\.m2\repository\org\apache\commons\commons-exec\1.3\commons-exec-1.3.jar;C:\Users\Admin\.m2\repository\org\seleniumhq\selenium\selenium-support\4.19.1\selenium-support-4.19.1.jar;C:\Users\Admin\.m2\repository\com\google\code\gson\gson\2.10.1\gson-2.10.1.jar;C:\Users\Admin\.m2\repository\org\slf4j\slf4j-api\2.0.12\slf4j-api-2.0.12.jar;C:\Users\Admin\.m2\repository\org\testng\testng\7.10.1\testng-7.10.1.jar;C:\Users\Admin\.m2\repository\com\beust\jcommander\1.82\jcommander-1.82.jar;C:\Users\Admin\.m2\repository\org\webjars\jquery\3.7.1\jquery-3.7.1.jar;D:\Program\Work\testng-7.10.1.jar
Launcher Type: SUN_STANDARD

[Global flags]
     intx CICompilerCount                          = 4                                         {product} {ergonomic}
     uint ConcGCThreads                            = 2                                         {product} {ergonomic}
     uint G1ConcRefinementThreads                  = 8                                         {product} {ergonomic}
   size_t G1HeapRegionSize                         = 2097152                                   {product} {ergonomic}
    uintx GCDrainStackTargetSize                   = 64                                        {product} {ergonomic}
   size_t InitialHeapSize                          = 266338304                                 {product} {ergonomic}
   size_t MarkStackSize                            = 4194304                                   {product} {ergonomic}
   size_t MaxHeapSize                              = 4240441344                                {product} {ergonomic}
   size_t MaxNewSize                               = 2543845376                                {product} {ergonomic}
   size_t MinHeapDeltaBytes                        = 2097152                                   {product} {ergonomic}
   size_t MinHeapSize                              = 8388608                                   {product} {ergonomic}
    uintx NonNMethodCodeHeapSize                   = 5839372                                {pd product} {ergonomic}
    uintx NonProfiledCodeHeapSize                  = 122909434                              {pd product} {ergonomic}
    uintx ProfiledCodeHeapSize                     = 122909434                              {pd product} {ergonomic}
    uintx ReservedCodeCacheSize                    = 251658240                              {pd product} {ergonomic}
     bool SegmentedCodeCache                       = true                                      {product} {ergonomic}
   size_t SoftMaxHeapSize                          = 4240441344                             {manageable} {ergonomic}
     bool UseCompressedOops                        = true                           {product lp64_product} {ergonomic}
     bool UseG1GC                                  = true                                      {product} {ergonomic}
     bool UseLargePagesIndividualAllocation        = false                                  {pd product} {ergonomic}

Logging:
Log output configuration:
 #0: stdout all=warning uptime,level,tags foldmultilines=false
 #1: stderr all=off uptime,level,tags foldmultilines=false

Environment Variables:
JAVA_HOME=D:\Program\Work\JDK
PATH=C:\Program Files\Common Files\Oracle\Java\javapath;C:\WINDOWS\system32;C:\WINDOWS;C:\WINDOWS\System32\Wbem;C:\WINDOWS\System32\WindowsPowerShell\v1.0\;C:\WINDOWS\System32\OpenSSH\;C:\Program Files\nodejs\;C:\Program Files\dotnet\;D:\Program\Work\Git\cmd;D:\Program\Work\JDK\bin;D:\Program\Work\AndroidSDK\platform-tools;D:\Program\Work\AndroidSDK\tools;D:\Program\Work\AndroidSDK\tools\bin;C:\Program Files\nodejs\node_modules\npm\bin;D:\Program\Work\apache-maven-3.9.6-bin\apache-maven-3.9.6\bin;C:\Users\Admin\AppData\Local\Microsoft\WindowsApps;C:\Users\Admin\AppData\Roaming\npm;D:\Program\Work\Microsoft VS Code\bin;D:\Program\Work\IntelliJ IDEA Community Edition 2020.3.3\bin;;D:\Program\Work\apache-maven-3.9.6-bin\apache-maven-3.9.6\bin;;D:\Program\Work\IntelliJ IDEA 2024.1\bin;
USERNAME=Admin
OS=Windows_NT
PROCESSOR_IDENTIFIER=Intel64 Family 6 Model 94 Stepping 3, GenuineIntel
TMP=C:\Users\Admin\AppData\Local\Temp
TEMP=C:\Users\Admin\AppData\Local\Temp




Periodic native trim disabled

---------------  S Y S T E M  ---------------

OS:
 Windows 10 , 64 bit Build 19041 (10.0.19041.3636)
OS uptime: 0 days 3:35 hours

CPU: total 8 (initial active 8) (4 cores per cpu, 2 threads per core) family 6 model 94 stepping 3 microcode 0xcc, cx8, cmov, fxsr, ht, mmx, 3dnowpref, sse, sse2, sse3, ssse3, sse4.1, sse4.2, popcnt, lzcnt, tsc, tscinvbit, avx, avx2, aes, erms, clmul, bmi1, bmi2, rtm, adx, fma, vzeroupper, clflush, clflushopt, rdtscp, f16c
Processor Information for all 8 processors :
  Max Mhz: 2592, Current Mhz: 2592, Mhz Limit: 2592

Memory: 4k page, system-wide physical 16175M (786M free)
TotalPageFile size 20673M (AvailPageFile size 3M)
current process WorkingSet (physical memory assigned to process): 48M, peak: 48M
current process commit charge ("private bytes"): 343M, peak: 343M

vm_info: Java HotSpot(TM) 64-Bit Server VM (21.0.2+13-LTS-58) for windows-amd64 JRE (21.0.2+13-LTS-58), built on 2024-01-05T18:32:24Z by "mach5one" with MS VC++ 17.1 (VS2022)

END.
